2022-11-13T17:53:27+00:00 CRITICAL Maximum execution time of 120 seconds exceeded in C:\xampp\htdocs\cemor\wp-content\plugins\elementor\modules\library\documents\library-document.php on line 8

2022-11-13T18:31:59+00:00 CRITICAL Maximum execution time of 120 seconds exceeded in C:\xampp\htdocs\cemor\wp-content\plugins\woocommerce-1\src\Admin\Notes\DataStore.php on line 8

2022-11-13T18:32:01+00:00 CRITICAL Maximum execution time of 120 seconds exceeded in C:\xampp\htdocs\cemor\wp-content\plugins\elementor\core\kits\documents\tabs\theme-style-typography.php on line 8

2022-11-13T18:32:04+00:00 CRITICAL Maximum execution time of 120 seconds exceeded in C:\xampp\htdocs\cemor\wp-content\plugins\woocommerce-1\includes\wc-formatting-functions.php on line 700

2022-11-13T18:32:14+00:00 CRITICAL Maximum execution time of 120 seconds exceeded in C:\xampp\htdocs\cemor\wp-includes\functions.php on line 717

2022-11-13T18:32:20+00:00 CRITICAL Maximum execution time of 120 seconds exceeded in C:\xampp\htdocs\cemor\wp-content\plugins\woocommerce-1\src\Admin\Notes\DataStore.php on line 8

2022-11-13T18:32:25+00:00 CRITICAL Maximum execution time of 120 seconds exceeded in C:\xampp\htdocs\cemor\wp-content\plugins\woocommerce-1\src\Internal\Admin\ProductReviews\Reviews.php on line 526

2022-11-13T21:22:43+00:00 CRITICAL Maximum execution time of 120 seconds exceeded in C:\xampp\htdocs\cemor\wp-content\plugins\essential-addon\autoload.php on line 26

2022-11-13T21:22:44+00:00 CRITICAL Maximum execution time of 120 seconds exceeded in C:\xampp\htdocs\cemor\wp-content\plugins\essential-addon\includes\Elements\Tooltip.php on line 5

2022-11-13T21:22:45+00:00 CRITICAL Maximum execution time of 120 seconds exceeded in C:\xampp\htdocs\cemor\wp-content\plugins\woocommerce\includes\class-wc-product-simple.php on line 78

2022-11-13T21:22:46+00:00 CRITICAL Maximum execution time of 120 seconds exceeded in C:\xampp\htdocs\cemor\wp-content\plugins\woocommerce\includes\rest-api\Controllers\Telemetry\class-wc-rest-telemetry-controller.php on line 143

2022-11-13T21:22:49+00:00 CRITICAL Maximum execution time of 120 seconds exceeded in C:\xampp\htdocs\cemor\wp-includes\wp-db.php on line 2169

2022-11-13T21:22:58+00:00 CRITICAL Maximum execution time of 120 seconds exceeded in C:\xampp\htdocs\cemor\wp-content\plugins\ocean-extra\includes\menu-icons\includes\library\icon-selector\includes\types\fas.php on line 7

2022-11-13T21:22:59+00:00 CRITICAL Maximum execution time of 120 seconds exceeded in C:\xampp\htdocs\cemor\wp-includes\wp-db.php on line 2169

2022-11-13T21:22:59+00:00 CRITICAL Maximum execution time of 120 seconds exceeded in C:\xampp\htdocs\cemor\wp-content\plugins\woocommerce\packages\woocommerce-blocks\src\BlockTypes\AbstractBlock.php on line 451

2022-11-13T21:23:04+00:00 CRITICAL Maximum execution time of 120 seconds exceeded in C:\xampp\htdocs\cemor\wp-content\themes\oceanwp\inc\activation-notice\class-oceanwp-plugin-manager.php on line 3

2022-11-13T22:38:16+00:00 CRITICAL Maximum execution time of 120 seconds exceeded in C:\xampp\htdocs\cemor\wp-includes\wp-db.php on line 2169

2022-11-13T22:38:28+00:00 CRITICAL Maximum execution time of 120 seconds exceeded in C:\xampp\htdocs\cemor\wp-includes\wp-db.php on line 2169

2022-11-13T22:38:51+00:00 CRITICAL Maximum execution time of 120 seconds exceeded in C:\xampp\htdocs\cemor\wp-includes\wp-db.php on line 2169

2022-11-13T22:38:53+00:00 CRITICAL Maximum execution time of 120 seconds exceeded in C:\xampp\htdocs\cemor\wp-includes\wp-db.php on line 2169

